e:\graphic\whproject\disney-principled-brdf\disney-principled-brdf\x64\debug\vc143.pdb
e:\graphic\whproject\disney-principled-brdf\disney-principled-brdf\x64\debug\vc143.idb
e:\graphic\whproject\disney-principled-brdf\disney-principled-brdf\x64\debug\sceneloader.obj
e:\graphic\whproject\disney-principled-brdf\disney-principled-brdf\x64\debug\scene.obj
e:\graphic\whproject\disney-principled-brdf\disney-principled-brdf\x64\debug\main.obj
e:\graphic\whproject\disney-principled-brdf\disney-principled-brdf\x64\debug\dxrpathtracer.obj
e:\graphic\whproject\disney-principled-brdf\disney-principled-brdf\x64\debug\dxhelper.obj
e:\graphic\whproject\disney-principled-brdf\disney-principled-brdf\x64\debug\d3d12screen.obj
e:\graphic\whproject\disney-principled-brdf\disney-principled-brdf\x64\debug\camera.obj
e:\graphic\whproject\disney-principled-brdf\disney-principled-brdf\bin\cso\dxrshader.cso
e:\graphic\whproject\disney-principled-brdf\disney-principled-brdf\disney-principled-brdf.exe
e:\graphic\whproject\disney-principled-brdf\disney-principled-brdf\x64\debug\disney-principled-brdf.ilk
e:\graphic\whproject\disney-principled-brdf\disney-principled-brdf\disney-principled-brdf.pdb
e:\graphic\whproject\disney-principled-brdf\\disney-principled-brdf\disney-principled-brdf.pdb
e:\graphic\whproject\disney-principled-brdf\disney-principled-brdf\x64\debug\disney-p.b43398bb.tlog\cl.command.1.tlog
e:\graphic\whproject\disney-principled-brdf\disney-principled-brdf\x64\debug\disney-p.b43398bb.tlog\cl.items.tlog
e:\graphic\whproject\disney-principled-brdf\disney-principled-brdf\x64\debug\disney-p.b43398bb.tlog\cl.read.1.tlog
e:\graphic\whproject\disney-principled-brdf\disney-principled-brdf\x64\debug\disney-p.b43398bb.tlog\cl.write.1.tlog
e:\graphic\whproject\disney-principled-brdf\disney-principled-brdf\x64\debug\disney-p.b43398bb.tlog\dxc.command.1.tlog
e:\graphic\whproject\disney-principled-brdf\disney-principled-brdf\x64\debug\disney-p.b43398bb.tlog\dxc.read.1.tlog
e:\graphic\whproject\disney-principled-brdf\disney-principled-brdf\x64\debug\disney-p.b43398bb.tlog\dxc.write.1.tlog
e:\graphic\whproject\disney-principled-brdf\disney-principled-brdf\x64\debug\disney-p.b43398bb.tlog\link.command.1.tlog
e:\graphic\whproject\disney-principled-brdf\disney-principled-brdf\x64\debug\disney-p.b43398bb.tlog\link.read.1.tlog
e:\graphic\whproject\disney-principled-brdf\disney-principled-brdf\x64\debug\disney-p.b43398bb.tlog\link.write.1.tlog
